
******************************************************************************
This program contains Ipopt, a library for large-scale nonlinear optimization.
 Ipopt is released as open source code under the Eclipse Public License (EPL).
         For more information visit http://projects.coin-or.org/Ipopt
******************************************************************************

This is Ipopt version 3.12.8, running with linear solver mumps.
NOTE: Other linear solvers might be more efficient (see Ipopt documentation).

Number of nonzeros in equality constraint Jacobian...:    13403
Number of nonzeros in inequality constraint Jacobian.:        0
Number of nonzeros in Lagrangian Hessian.............:     2900

Total number of variables............................:     2303
                     variables with only lower bounds:      202
                variables with lower and upper bounds:      800
                     variables with only upper bounds:        0
Total number of equality constraints.................:     1503
Total number of inequality constraints...............:        0
        inequality constraints with only lower bounds:        0
   inequality constraints with lower and upper bounds:        0
        inequality constraints with only upper bounds:        0

iter    objective    inf_pr   inf_du lg(mu)  ||d||  lg(rg) alpha_du alpha_pr  ls
   0  0.0000000e+00 4.90e+00 1.03e+00   0.0 0.00e+00    -  0.00e+00 0.00e+00   0
   1 -2.5040282e+00 4.81e+00 7.72e+00   0.6 3.05e+01    -  6.73e-02 2.86e-01f  1
   2 -2.6638035e+00 7.07e+00 1.87e+01  -4.2 4.10e+01    -  1.61e-01 1.10e-01h  1
   3 -5.3576239e+00 7.23e+00 3.35e+01  -0.4 1.51e+01   0.0 8.36e-02 3.10e-01h  1
   4 -7.6475048e+00 1.04e+01 4.94e+01   0.5 4.43e+01  -0.5 2.47e-01 1.79e-01f  1
   5 -9.3695964e+00 1.30e+01 2.15e+02   1.0 1.97e+01  -0.1 1.00e+00 2.62e-01f  1
   6 -1.4088419e+01 3.83e+00 8.10e+01  -5.0 7.56e+00  -0.5 4.79e-01 9.26e-01h  1
   7 -1.7196182e+01 1.24e-01 1.47e+01  -5.3 3.18e+00  -1.0 8.36e-01 9.90e-01h  1
   8 -2.0961089e+01 1.15e+01 1.26e+01  -6.1 3.65e+01    -  2.70e-01 9.91e-01f  1
   9 -2.5381142e+01 1.08e+01 2.15e+05  -0.7 2.92e+01    -  7.98e-01 1.00e+00f  1
iter    objective    inf_pr   inf_du lg(mu)  ||d||  lg(rg) alpha_du alpha_pr  ls
  10 -2.6012171e+01 8.93e-01 1.79e+00  -0.6 4.94e+00  -1.5 1.00e+00 1.00e+00f  1
  11 -4.0295031e+01 1.84e+00 5.24e+06  -6.6 3.02e+01    -  3.40e-01 5.66e-01f  1
  12 -9.4058893e+01 4.05e+01 7.47e+06  -0.6 8.60e+01    -  3.84e-01 1.00e+00f  1
  13 -8.9550520e+01 2.39e+01 1.39e+07  -0.3 1.20e+01  -2.0 1.00e+00 4.15e-01h  1
  14 -9.3531407e+01 3.81e+01 8.94e+06   0.3 1.54e+02    -  4.66e-01 5.67e-01f  1
  15 -1.0722435e+02 5.64e+01 6.22e+06  -0.0 1.10e+02    -  7.69e-01 1.00e+00f  1
  16  1.8897504e+02 1.02e+02 3.97e+07   0.5 5.08e+02    -  1.00e+00 8.38e-01f  1
  17  1.2048469e+02 4.68e+01 2.33e+00   0.4 8.24e+01    -  1.00e+00 1.00e+00h  1
  18  7.0625626e+01 1.34e+01 2.63e+00   0.4 5.74e+01    -  1.00e+00 1.00e+00f  1
  19 -1.1715006e+02 4.82e+01 1.28e+07  -0.3 3.83e+02    -  4.50e-01 3.90e-01f  1
iter    objective    inf_pr   inf_du lg(mu)  ||d||  lg(rg) alpha_du alpha_pr  ls
  20 -2.3266892e+02 1.17e+01 3.05e+05   0.2 8.99e+01    -  1.00e+00 9.90e-01f  1
  21 -3.3742732e+02 1.48e+01 1.13e+07   0.0 1.02e+02    -  1.00e+00 7.64e-01f  1
  22 -4.1605561e+02 9.23e+00 3.87e+06  -0.0 7.12e+01    -  1.00e+00 8.43e-01f  1
  23 -5.1902742e+02 5.48e+00 4.61e+06  -0.2 8.86e+01    -  1.00e+00 8.63e-01f  1
  24 -5.7304741e+02 3.82e+00 3.86e+06  -0.3 5.17e+01    -  1.00e+00 7.60e-01f  1
  25 -6.5026915e+02 3.16e+00 3.02e-01  -0.5 5.50e+01    -  1.00e+00 1.00e+00f  1
  26 -6.9013535e+02 3.36e+00 2.38e+06  -0.6 3.58e+01    -  1.00e+00 7.76e-01f  1
  27 -7.2649788e+02 2.89e+00 6.07e-02  -0.7 2.46e+01    -  1.00e+00 1.00e+00f  1
  28 -7.6178317e+02 4.23e+00 9.15e+05  -0.9 2.37e+01    -  8.74e-01 1.00e+00f  1
  29 -7.6986265e+02 1.07e+00 8.30e+04  -1.0 1.39e+01    -  1.00e+00 9.42e-01h  1
iter    objective    inf_pr   inf_du lg(mu)  ||d||  lg(rg) alpha_du alpha_pr  ls
  30 -7.8907567e+02 1.48e+00 2.85e-02  -1.2 1.24e+01    -  1.00e+00 1.00e+00f  1
  31 -8.0351782e+02 7.95e+00 4.74e+05  -1.5 2.13e+01    -  1.00e+00 8.52e-01f  1
  32 -8.0430676e+02 5.76e+00 2.56e+00  -1.7 3.92e+00  -1.5 1.00e+00 1.00e+00h  1
  33 -8.0408486e+02 2.86e+00 1.17e+06  -1.4 1.78e+00  -1.1 3.28e-01 1.00e+00h  1
  34 -8.0489961e+02 3.05e+00 1.14e+00  -1.7 5.83e+00  -1.6 1.00e+00 1.00e+00h  1
  35 -8.0586516e+02 2.79e-01 5.95e+05  -7.7 5.90e-01  -1.2 7.17e-01 1.00e+00h  1
  36 -8.0760748e+02 5.20e-02 2.22e+04  -2.9 1.29e+00  -1.6 1.00e+00 8.16e-01f  1
  37 -8.1116010e+02 1.57e-02 2.16e+04  -3.6 3.04e+00  -2.1 1.00e+00 7.00e-01f  1
  38 -8.1297734e+02 1.34e-02 2.99e+04  -3.9 7.44e+00  -2.6 1.00e+00 1.47e-01f  1
  39 -8.1677756e+02 1.53e-02 1.68e+04  -3.2 1.50e+01  -3.1 1.00e+00 1.60e-01f  1
iter    objective    inf_pr   inf_du lg(mu)  ||d||  lg(rg) alpha_du alpha_pr  ls
  40 -8.1860391e+02 3.11e-01 1.25e+05  -2.7 3.16e+01  -3.5 1.00e+00 6.76e-02f  1
  41 -8.1895145e+02 4.52e+00 5.83e+05  -2.2 1.02e+02  -4.0 1.00e+00 5.80e-02f  1
  42 -8.1913859e+02 5.88e+00 4.36e+05  -2.2 2.88e+01  -4.5 1.00e+00 1.69e-01h  1
  43 -8.1957243e+02 6.82e+00 1.42e+05  -2.3 2.05e+01  -5.0 1.00e+00 6.27e-01h  1
  44 -8.1746261e+02 2.66e+00 2.77e+02  -2.0 6.37e+00    -  9.99e-01 1.00e+00h  1
  45 -8.1831042e+02 1.33e+01 1.82e+05  -2.1 1.83e+01  -3.6 1.05e-01 1.00e+00h  1
  46 -8.1830554e+02 1.32e+01 1.12e+05  -2.1 9.33e+01  -3.2 3.84e-01 2.06e-02h  5
  47 -8.1831758e+02 3.13e+00 2.94e-02  -2.1 1.35e+00  -1.9 1.00e+00 1.00e+00h  1
  48 -8.1833795e+02 1.08e-01 3.55e-02  -2.1 6.66e-01  -2.4 1.00e+00 1.00e+00h  1
  49 -8.1949978e+02 1.14e+01 1.27e+05  -8.1 4.52e+01    -  4.22e-01 2.66e-01f  1
iter    objective    inf_pr   inf_du lg(mu)  ||d||  lg(rg) alpha_du alpha_pr  ls
  50 -8.2115615e+02 5.44e+00 1.11e+00  -2.6 1.14e+00  -2.8 1.00e+00 1.00e+00h  1
  51 -8.1973217e+02 2.28e+00 1.71e+05  -2.3 8.35e+00    -  4.49e-01 1.00e+00h  1
  52 -8.2012000e+02 3.13e-01 2.54e-01  -2.5 2.34e-01  -1.5 1.00e+00 1.00e+00h  1
  53 -8.1928683e+02 6.75e-01 8.60e-01  -2.2 3.36e+00    -  1.00e+00 1.00e+00h  1
  54 -8.2004016e+02 3.95e+00 1.08e+05  -2.3 4.48e+00    -  3.79e-02 1.00e+00h  1
  55 -8.2003636e+02 1.67e+00 1.64e-01  -2.3 7.07e-01  -2.0 1.00e+00 1.00e+00h  1
  56 -8.2004663e+02 1.83e+00 1.13e+00  -2.3 2.35e+01    -  1.00e+00 5.47e-02h  2
  57 -8.2005013e+02 1.60e-01 6.12e-02  -2.3 1.40e+00  -2.5 1.00e+00 1.00e+00h  1
  58 -8.2034175e+02 1.58e+00 1.99e+05  -3.0 1.23e+01    -  6.29e-01 1.33e-01f  1
  59 -8.2189245e+02 3.28e+00 8.18e-01  -2.9 3.44e+00    -  1.00e+00 1.00e+00h  1
iter    objective    inf_pr   inf_du lg(mu)  ||d||  lg(rg) alpha_du alpha_pr  ls
  60 -8.2193352e+02 5.17e+00 2.19e-01  -2.9 4.97e+00  -2.9 1.00e+00 1.00e+00h  1
  61 -8.2236353e+02 4.31e+00 2.68e-01  -3.4 5.00e+00  -2.5 1.00e+00 1.00e+00h  1
  62 -8.2171550e+02 9.03e-01 1.05e+04  -2.8 7.35e-01  -2.1 9.23e-01 1.00e+00h  1
  63 -8.2236142e+02 1.49e-01 2.52e-01  -3.7 4.84e-01  -2.6 1.00e+00 1.00e+00h  1
  64 -8.2053088e+02 7.56e+00 2.78e+05  -2.2 2.33e+01    -  1.36e-01 6.33e-01f  1
  65 -8.2181738e+02 5.57e+00 1.75e+04  -2.9 3.86e+00  -3.1 6.08e-01 1.00e+00h  1
  66 -8.2183240e+02 5.19e+00 9.34e-01  -2.9 3.67e+01    -  1.00e+00 6.87e-02h  1
  67 -8.2183255e+02 6.57e+00 7.02e-01  -2.9 2.60e+01  -3.5 8.22e-02 2.50e-01h  3
  68 -8.2184379e+02 4.09e+00 1.62e-01  -2.9 6.69e+00  -3.1 7.67e-01 1.00e+00h  1
  69 -8.2184721e+02 3.01e-01 3.34e-02  -2.9 5.70e-01  -2.7 1.00e+00 1.00e+00h  1
iter    objective    inf_pr   inf_du lg(mu)  ||d||  lg(rg) alpha_du alpha_pr  ls
  70 -8.2223432e+02 1.41e+00 1.71e+03  -3.2 1.79e+00  -3.2 1.00e+00 9.78e-01h  1
  71 -8.2226498e+02 5.51e+00 2.26e+02  -3.3 5.63e+01    -  3.23e-02 1.65e-01h  1
  72 -8.2232338e+02 7.22e+00 1.46e+00  -3.3 4.23e+00  -2.7 1.00e+00 1.00e+00h  1
  73 -8.2233409e+02 5.84e+00 2.94e-01  -3.3 2.10e+01    -  1.00e+00 2.63e-01h  1
  74 -8.2233187e+02 4.75e+00 6.29e-01  -3.3 1.86e+00  -2.3 1.95e-01 1.00e+00h  1
  75 -8.2232243e+02 5.07e+00 4.80e-01  -3.3 1.03e+01  -2.8 3.51e-01 1.00e+00h  1
  76 -8.2232029e+02 8.49e-01 1.32e-01  -3.3 1.07e+00  -2.4 9.11e-01 1.00e+00h  1
  77 -8.2232331e+02 1.47e-01 6.50e-02  -3.3 8.96e-01  -2.8 1.00e+00 1.00e+00h  1
  78 -8.2234292e+02 8.89e+00 2.71e+03  -3.3 5.01e+01    -  1.00e+00 1.99e-01h  1
  79 -8.2235563e+02 8.04e+00 8.44e+03  -3.4 1.41e+01    -  8.56e-01 1.71e-01h  1
iter    objective    inf_pr   inf_du lg(mu)  ||d||  lg(rg) alpha_du alpha_pr  ls
  80 -8.2239948e+02 7.62e+00 1.22e+03  -3.4 9.39e+00  -3.3 6.66e-02 1.00e+00h  1
  81 -8.1652929e+02 3.77e+01 1.01e+06  -1.7 7.67e+01  -2.9 7.10e-02 5.68e-01f  1
  82 -8.1745143e+02 1.44e+01 1.27e+05  -2.4 6.16e+00  -1.6 3.38e-01 1.00e+00h  1
  83 -8.1889022e+02 1.46e+00 2.36e+04  -2.4 4.28e+00  -2.0 8.15e-01 1.00e+00h  1
  84 -8.1972758e+02 6.92e-01 3.17e+00  -2.4 1.15e+00  -2.5 1.00e+00 5.28e-01h  1
  85 -8.2052547e+02 5.88e-01 1.53e+00  -2.4 2.15e+00  -3.0 1.00e+00 8.74e-01h  1
  86 -8.2061549e+02 2.70e+01 8.88e-01  -2.4 5.50e+01    -  1.24e-01 4.81e-01h  1
  87 -8.2062210e+02 1.60e+01 2.05e-01  -2.4 6.65e-01  -1.7 1.00e+00 1.00e+00h  1
  88 -8.2066209e+02 5.62e-01 4.74e-01  -2.4 1.50e+01    -  1.00e+00 1.00e+00h  1
  89 -8.2066042e+02 2.07e+00 4.56e-01  -2.4 5.51e+00    -  3.51e-01 1.00e+00h  1
iter    objective    inf_pr   inf_du lg(mu)  ||d||  lg(rg) alpha_du alpha_pr  ls
  90 -8.2065980e+02 2.64e-01 5.18e-02  -2.4 9.17e-02  -2.1 1.00e+00 1.00e+00h  1
  91 -8.2067228e+02 4.72e-02 1.10e+00  -2.4 1.16e+00    -  1.00e+00 9.49e-01H  1
  92 -8.2163064e+02 2.00e+00 8.77e+04  -3.0 5.24e+00    -  9.72e-01 6.61e-01f  1
  93 -8.2192776e+02 7.12e-01 3.26e-01  -3.0 2.50e-01  -1.7 1.00e+00 1.00e+00h  1
  94 -8.2207939e+02 7.37e-02 7.40e-01  -3.0 1.90e-01  -2.2 8.06e-01 1.00e+00h  1
  95 -8.2208308e+02 3.58e-01 4.61e-02  -3.0 8.55e-01  -2.7 1.00e+00 1.00e+00h  1
  96 -8.2208628e+02 3.28e-01 1.49e-01  -3.0 2.79e+00    -  1.00e+00 3.49e-01h  2
  97 -8.2209014e+02 4.58e-02 6.88e-03  -3.0 7.20e-01    -  1.00e+00 1.00e+00h  1
  98 -8.2231473e+02 8.37e-01 4.72e+03  -3.3 1.28e+00    -  1.00e+00 9.02e-01h  1
  99 -8.2238590e+02 1.09e+00 8.81e+03  -3.4 1.29e+00    -  1.05e-01 1.00e+00h  1
iter    objective    inf_pr   inf_du lg(mu)  ||d||  lg(rg) alpha_du alpha_pr  ls
 100 -8.2250492e+02 6.69e-02 3.48e+00  -3.7 6.42e-01  -3.1 1.00e+00 1.00e+00h  1
 101 -8.2236149e+02 6.06e-01 1.53e+04  -3.2 1.54e+00    -  1.00e+00 6.51e-01h  1
 102 -8.2236459e+02 6.85e-01 1.26e-01  -3.3 8.54e-01  -2.7 1.00e+00 1.00e+00h  1
 103 -8.2236730e+02 3.19e-01 2.37e-01  -3.3 9.28e-01    -  1.00e+00 7.17e-01h  1
 104 -8.2236756e+02 7.52e-02 2.58e-01  -3.3 1.47e-01    -  1.00e+00 1.00e+00h  1
 105 -8.2241391e+02 3.63e-02 5.28e-02  -3.4 2.44e-01  -3.2 1.00e+00 1.00e+00h  1
 106 -8.2250895e+02 2.04e-01 8.21e+02  -3.7 4.72e-01    -  1.00e+00 9.58e-01h  1
 107 -8.2258849e+02 1.11e-02 3.09e-02  -4.3 3.14e-01    -  1.00e+00 1.00e+00h  1
 108 -8.2260605e+02 5.71e-03 1.16e+01  -5.0 4.51e-01    -  1.00e+00 9.97e-01h  1
 109 -8.2261153e+02 1.29e-04 4.78e-01  -6.4 7.53e-02    -  1.00e+00 1.00e+00h  1
iter    objective    inf_pr   inf_du lg(mu)  ||d||  lg(rg) alpha_du alpha_pr  ls
 110 -8.2261167e+02 2.98e-07 6.79e-02  -7.1 2.71e-04    -  1.00e+00 9.98e-01h  1
 111 -8.2261169e+02 9.18e-08 5.28e+00  -8.1 5.18e-04    -  1.00e+00 7.06e-01h  1
 112 -8.2261170e+02 2.42e-09 1.28e-01  -8.5 1.90e-04    -  1.00e+00 9.86e-01h  1
 113 -8.2261170e+02 2.18e-10 1.29e-01 -10.4 2.07e-05    -  1.00e+00 9.15e-01h  1
 114 -8.2261170e+02 2.27e-13 1.68e-11 -10.1 1.54e-06    -  1.00e+00 1.00e+00h  1
 115 -8.2261170e+02 2.27e-13 8.37e-06 -14.3 4.68e-07    -  1.00e+00 9.99e-01h  1
 116 -8.2261170e+02 2.27e-13 8.82e-14 -14.3 3.58e-10    -  1.00e+00 1.00e+00h  1
 117 -8.2261170e+02 2.27e-13 6.98e-14 -14.3 7.83e-13    -  1.00e+00 1.00e+00h  1
 118 -8.2261170e+02 2.27e-13 5.88e-14 -14.3 1.61e-13    -  1.00e+00 1.00e+00h  1
 119 -8.2261170e+02 2.27e-13 5.37e-14 -14.3 1.69e-13    -  1.00e+00 1.00e+00h  1
iter    objective    inf_pr   inf_du lg(mu)  ||d||  lg(rg) alpha_du alpha_pr  ls
 120 -8.2261170e+02 2.84e-14 5.28e-14 -14.3 1.22e-13    -  1.00e+00 1.00e+00h  1
 121 -8.2261170e+02 5.68e-14 2.99e-14 -14.3 3.65e-14    -  1.00e+00 1.00e+00h  1
 122 -8.2261170e+02 5.68e-14 3.39e-14 -14.3 4.40e-14    -  1.00e+00 1.00e+00h  1
 123 -8.2261170e+02 2.84e-14 5.87e-14 -14.3 7.13e-14    -  1.00e+00 1.00e+00h  1
 124 -8.2261170e+02 5.68e-14 3.29e-14 -14.3 3.13e-14    -  1.00e+00 1.00e+00h  1
 125 -8.2261170e+02 5.68e-14 4.10e-14 -14.3 6.03e-14    -  1.00e+00 1.00e+00h  1
 126 -8.2261170e+02 2.84e-14 4.00e-14 -14.3 6.60e-14    -  1.00e+00 1.00e+00h  1
 127 -8.2261170e+02 5.68e-14 4.32e-14 -14.3 3.32e-14    -  1.00e+00 1.00e+00h  1
 128 -8.2261170e+02 5.68e-14 4.84e-14 -14.3 3.50e-14    -  1.00e+00 1.00e+00h  1
 129 -8.2261170e+02 2.84e-14 3.17e-14 -14.3 3.48e-14    -  1.00e+00 1.00e+00h  1
iter    objective    inf_pr   inf_du lg(mu)  ||d||  lg(rg) alpha_du alpha_pr  ls
 130 -8.2261170e+02 5.68e-14 4.13e-14 -14.3 2.57e-14    -  1.00e+00 1.00e+00h  1

Number of Iterations....: 130

                                   (scaled)                 (unscaled)
Objective...............:  -8.2261170351319265e+02   -8.2261170351319265e+02
Dual infeasibility......:   4.1334048132025947e-14    4.1334048132025947e-14
Constraint violation....:   5.6843418860808015e-14    5.6843418860808015e-14
Complementarity.........:   5.3186773007773076e-15    5.3186773007773076e-15
Overall NLP error.......:   5.6843418860808015e-14    5.6843418860808015e-14


Number of objective function evaluations             = 146
Number of objective gradient evaluations             = 131
Number of equality constraint evaluations            = 146
Number of inequality constraint evaluations          = 0
Number of equality constraint Jacobian evaluations   = 131
Number of inequality constraint Jacobian evaluations = 0
Number of Lagrangian Hessian evaluations             = 130
Total CPU secs in IPOPT (w/o function evaluations)   =      2.963
Total CPU secs in NLP function evaluations           =      8.999

EXIT: Solved To Acceptable Level.
