
******************************************************************************
This program contains Ipopt, a library for large-scale nonlinear optimization.
 Ipopt is released as open source code under the Eclipse Public License (EPL).
         For more information visit http://projects.coin-or.org/Ipopt
******************************************************************************

This is Ipopt version 3.12.8, running with linear solver mumps.
NOTE: Other linear solvers might be more efficient (see Ipopt documentation).

Number of nonzeros in equality constraint Jacobian...:     2602
Number of nonzeros in inequality constraint Jacobian.:        0
Number of nonzeros in Lagrangian Hessian.............:      800

Total number of variables............................:      802
                     variables with only lower bounds:        0
                variables with lower and upper bounds:      200
                     variables with only upper bounds:        0
Total number of equality constraints.................:      602
Total number of inequality constraints...............:        0
        inequality constraints with only lower bounds:        0
   inequality constraints with lower and upper bounds:        0
        inequality constraints with only upper bounds:        0

iter    objective    inf_pr   inf_du lg(mu)  ||d||  lg(rg) alpha_du alpha_pr  ls
   0  1.0000000e-01 1.00e+00 1.45e-02   0.0 0.00e+00    -  0.00e+00 0.00e+00   0
   1 -5.2719884e+00 9.86e-01 3.36e-02  -1.7 5.37e+00    -  9.95e-01 1.00e+00f  1
   2 -4.0861377e+00 8.70e-02 5.71e-04  -2.4 1.19e+00    -  1.00e+00 1.00e+00h  1
   3 -4.1931551e+00 4.79e-02 1.64e-04  -3.7 3.95e-01    -  9.89e-01 1.00e+00h  1
   4 -4.2161343e+00 3.08e-03 4.38e-05  -4.8 7.40e-02    -  9.90e-01 1.00e+00h  1
   5 -4.2188521e+00 7.39e-04 1.04e-05  -6.2 3.65e-02    -  9.97e-01 1.00e+00h  1
   6 -4.2191607e+00 1.87e-04 3.14e-06  -6.9 2.05e-02    -  9.99e-01 1.00e+00h  1
   7 -4.2191971e+00 4.98e-05 8.01e-07  -7.8 1.12e-02    -  1.00e+00 1.00e+00h  1
   8 -4.2192010e+00 1.31e-05 2.24e-07  -8.8 5.83e-03    -  1.00e+00 1.00e+00h  1
   9 -4.2192013e+00 3.12e-06 5.42e-08  -9.9 2.85e-03    -  1.00e+00 1.00e+00h  1
iter    objective    inf_pr   inf_du lg(mu)  ||d||  lg(rg) alpha_du alpha_pr  ls
  10 -4.2192013e+00 5.34e-07 9.32e-09 -11.1 1.18e-03    -  1.00e+00 1.00e+00h  1
  11 -4.2192013e+00 3.32e-08 7.78e-10 -14.3 2.94e-04    -  1.00e+00 1.00e+00h  1
  12 -4.2192013e+00 1.64e-10 2.87e-12 -14.3 2.06e-05    -  1.00e+00 1.00e+00h  1
  13 -4.2192013e+00 4.00e-15 2.08e-16 -14.3 1.02e-07    -  1.00e+00 1.00e+00h  1

Number of Iterations....: 13

                                   (scaled)                 (unscaled)
Objective...............:  -4.2192013381387898e+00   -4.2192013381387898e+00
Dual infeasibility......:   2.0816681711721685e-16    2.0816681711721685e-16
Constraint violation....:   3.9968028886505635e-15    3.9968028886505635e-15
Complementarity.........:   5.1448442897403545e-15    5.1448442897403545e-15
Overall NLP error.......:   5.1448442897403545e-15    5.1448442897403545e-15


Number of objective function evaluations             = 14
Number of objective gradient evaluations             = 14
Number of equality constraint evaluations            = 14
Number of inequality constraint evaluations          = 0
Number of equality constraint Jacobian evaluations   = 14
Number of inequality constraint Jacobian evaluations = 0
Number of Lagrangian Hessian evaluations             = 13
Total CPU secs in IPOPT (w/o function evaluations)   =      0.151
Total CPU secs in NLP function evaluations           =      0.108

EXIT: Optimal Solution Found.
