
******************************************************************************
This program contains Ipopt, a library for large-scale nonlinear optimization.
 Ipopt is released as open source code under the Eclipse Public License (EPL).
         For more information visit http://projects.coin-or.org/Ipopt
******************************************************************************

This is Ipopt version 3.12.8, running with linear solver mumps.
NOTE: Other linear solvers might be more efficient (see Ipopt documentation).

Number of nonzeros in equality constraint Jacobian...:     1302
Number of nonzeros in inequality constraint Jacobian.:        0
Number of nonzeros in Lagrangian Hessian.............:      400

Total number of variables............................:      502
                     variables with only lower bounds:        0
                variables with lower and upper bounds:      100
                     variables with only upper bounds:        0
Total number of equality constraints.................:      402
Total number of inequality constraints...............:        0
        inequality constraints with only lower bounds:        0
   inequality constraints with lower and upper bounds:        0
        inequality constraints with only upper bounds:        0

iter    objective    inf_pr   inf_du lg(mu)  ||d||  lg(rg) alpha_du alpha_pr  ls
   0  1.0000000e-01 4.90e+00 1.57e-02   0.0 0.00e+00    -  0.00e+00 0.00e+00   0
   1 -7.9679674e+00 2.29e+01 2.36e-01  -1.4 8.07e+00    -  9.93e-01 1.00e+00f  1
   2  3.8160885e+00 3.96e-01 5.20e-03  -2.0 2.29e+01    -  1.00e+00 1.00e+00h  1
   3  3.6726905e+00 2.00e-02 1.10e-03  -7.9 2.72e-01    -  9.42e-01 1.00e+00h  1
   4  3.6469304e+00 5.60e-03 1.21e-04  -4.8 8.12e-02    -  9.97e-01 1.00e+00h  1
   5  3.6484212e+00 1.32e-03 3.54e-05  -5.8 4.72e-02    -  1.00e+00 1.00e+00h  1
   6  3.6485802e+00 3.43e-04 1.86e-05  -6.5 2.71e-02    -  9.97e-01 1.00e+00h  1
   7  3.6485320e+00 9.34e-05 5.67e-06  -7.0 1.50e-02    -  9.98e-01 1.00e+00h  1
   8  3.6485212e+00 2.56e-05 1.43e-06  -7.9 8.08e-03    -  9.99e-01 1.00e+00h  1
   9  3.6485199e+00 6.87e-06 3.37e-07  -9.3 4.22e-03    -  1.00e+00 1.00e+00h  1
iter    objective    inf_pr   inf_du lg(mu)  ||d||  lg(rg) alpha_du alpha_pr  ls
  10  3.6485199e+00 1.79e-06 8.85e-08 -10.3 2.15e-03    -  1.00e+00 1.00e+00h  1
  11  3.6485198e+00 4.48e-07 2.23e-08 -11.1 1.08e-03    -  1.00e+00 1.00e+00h  1
  12  3.6485198e+00 1.10e-07 5.50e-09 -11.7 5.35e-04    -  1.00e+00 1.00e+00h  1
  13  3.6485198e+00 2.57e-08 1.28e-09 -14.3 2.58e-04    -  1.00e+00 1.00e+00h  1
  14  3.6485198e+00 4.88e-09 2.43e-10 -14.3 1.12e-04    -  1.00e+00 1.00e+00h  1
  15  3.6485198e+00 4.57e-10 2.28e-11 -14.3 3.44e-05    -  1.00e+00 1.00e+00h  1
  16  3.6485198e+00 6.07e-12 3.03e-13 -14.3 3.97e-06    -  1.00e+00 1.00e+00h  1
  17  3.6485198e+00 1.78e-15 5.00e-16 -14.3 5.42e-08    -  1.00e+00 1.00e+00h  1

Number of Iterations....: 17

                                   (scaled)                 (unscaled)
Objective...............:   3.6485198399969545e+00    3.6485198399969545e+00
Dual infeasibility......:   4.9960036108132044e-16    4.9960036108132044e-16
Constraint violation....:   1.7763568394002505e-15    1.7763568394002505e-15
Complementarity.........:   5.1180148195679153e-15    5.1180148195679153e-15
Overall NLP error.......:   5.1180148195679153e-15    5.1180148195679153e-15


Number of objective function evaluations             = 18
Number of objective gradient evaluations             = 18
Number of equality constraint evaluations            = 18
Number of inequality constraint evaluations          = 0
Number of equality constraint Jacobian evaluations   = 18
Number of inequality constraint Jacobian evaluations = 0
Number of Lagrangian Hessian evaluations             = 17
Total CPU secs in IPOPT (w/o function evaluations)   =      0.142
Total CPU secs in NLP function evaluations           =      0.067

EXIT: Optimal Solution Found.
